Timestamp,Url,Response,ResponseTime,status,Response Body
https://api.kiwiplans.com/update/propertyMap,200,921,up,{"data":{"success":"OperationSuccess"}}
http://localhost:8080/update/propertyMap,,,down
http://localhost:9090/update/propertyMap,,,down
https://api.kiwiplans.com/update/propertyMap,200,223,up,{"data":{"success":"OperationSuccess"}}
http://localhost:8080/update/propertyMap,,,down
http://localhost:9090/update/propertyMap,,,down
https://api.kiwiplans.com/update/propertyMap,200,103,up,{"data":{"success":"OperationSuccess"}}
http://localhost:8080/update/propertyMap,,,down
http://localhost:9090/update/propertyMap,,,down
https://api.kiwiplans.com/update/propertyMap,200,43,up,{"data":{"success":"OperationSuccess"}}
http://localhost:8080/update/propertyMap,,,down
http://localhost:9090/update/propertyMap,,,down
https://api.kiwiplans.com/update/propertyMap,200,76,up,{"data":{"success":"OperationSuccess"}}
http://localhost:8080/update/propertyMap,,,down
http://localhost:9090/update/propertyMap,,,down
https://api.kiwiplans.com/update/propertyMap,200,47,up,{"data":{"success":"OperationSuccess"}}
http://localhost:8080/update/propertyMap,,,down
http://localhost:9090/update/propertyMap,,,down
https://api.kiwiplans.com/update/propertyMap,200,44,up,{"data":{"success":"OperationSuccess"}}
http://localhost:8080/update/propertyMap,,,down
http://localhost:9090/update/propertyMap,,,down
https://api.kiwiplans.com/update/propertyMap,200,41,up,{"data":{"success":"OperationSuccess"}}
http://localhost:8080/update/propertyMap,,,down
http://localhost:9090/update/propertyMap,,,down
https://api.kiwiplans.com/update/propertyMap,200,40,up,{"data":{"success":"OperationSuccess"}}
http://localhost:8080/update/propertyMap,,,down
http://localhost:9090/update/propertyMap,,,down
https://api.kiwiplans.com/update/propertyMap,200,41,up,{"data":{"success":"OperationSuccess"}}
http://localhost:8080/update/propertyMap,,,down
http://localhost:9090/update/propertyMap,,,down
https://api.kiwiplans.com/update/propertyMap,200,44,up,{"data":{"success":"OperationSuccess"}}
http://localhost:8080/update/propertyMap,,,down
http://localhost:9090/update/propertyMap,,,down
https://api.kiwiplans.com/update/propertyMap,200,43,up,{"data":{"success":"OperationSuccess"}}
http://localhost:8080/update/propertyMap,,,down
http://localhost:9090/update/propertyMap,,,down
https://api.kiwiplans.com/update/propertyMap,200,38,up,{"data":{"success":"OperationSuccess"}}
http://localhost:8080/update/propertyMap,,,down
http://localhost:9090/update/propertyMap,,,down
https://api.kiwiplans.com/update/propertyMap,200,40,up,{"data":{"success":"OperationSuccess"}}
http://localhost:8080/update/propertyMap,,,down
http://localhost:9090/update/propertyMap,,,down
https://api.kiwiplans.com/update/propertyMap,200,39,up,{"data":{"success":"OperationSuccess"}}
http://localhost:8080/update/propertyMap,,,down
http://localhost:9090/update/propertyMap,,,down
https://api.kiwiplans.com/update/propertyMap,200,42,up,{"data":{"success":"OperationSuccess"}}
http://localhost:8080/update/propertyMap,,,down
http://localhost:9090/update/propertyMap,,,down
https://api.kiwiplans.com/update/propertyMap,200,46,up,{"data":{"success":"OperationSuccess"}}
http://localhost:8080/update/propertyMap,,,down
http://localhost:9090/update/propertyMap,,,down
https://api.kiwiplans.com/update/propertyMap,200,41,up,{"data":{"success":"OperationSuccess"}}
http://localhost:8080/update/propertyMap,,,down
http://localhost:9090/update/propertyMap,,,down
https://api.kiwiplans.com/update/propertyMap,200,42,up,{"data":{"success":"OperationSuccess"}}
http://localhost:8080/update/propertyMap,,,down
http://localhost:9090/update/propertyMap,,,down
https://api.kiwiplans.com/update/propertyMap,200,41,up,{"data":{"success":"OperationSuccess"}}
http://localhost:8080/update/propertyMap,,,down
http://localhost:9090/update/propertyMap,,,down
https://api.kiwiplans.com/update/propertyMap,200,208,up,{"data":{"success":"OperationSuccess"}}
http://localhost:8080/update/propertyMap,,,down
http://localhost:9090/update/propertyMap,,,down
https://api.kiwiplans.com/update/propertyMap,200,45,up,{"data":{"success":"OperationSuccess"}}
http://localhost:8080/update/propertyMap,,,down
http://localhost:9090/update/propertyMap,,,down
https://api.kiwiplans.com/update/propertyMap,200,43,up,{"data":{"success":"OperationSuccess"}}
http://localhost:8080/update/propertyMap,,,down
http://localhost:9090/update/propertyMap,,,down
https://api.kiwiplans.com/update/propertyMap,200,45,up,{"data":{"success":"OperationSuccess"}}
http://localhost:8080/update/propertyMap,,,down
http://localhost:9090/update/propertyMap,,,down
https://api.kiwiplans.com/update/propertyMap,200,44,up,{"data":{"success":"OperationSuccess"}}
http://localhost:8080/update/propertyMap,,,down
http://localhost:9090/update/propertyMap,,,down
https://api.kiwiplans.com/update/propertyMap,200,52,up,{"data":{"success":"OperationSuccess"}}
http://localhost:8080/update/propertyMap,,,down
http://localhost:9090/update/propertyMap,,,down
https://api.kiwiplans.com/update/propertyMap,200,46,up,{"data":{"success":"OperationSuccess"}}
http://localhost:8080/update/propertyMap,,,down
http://localhost:9090/update/propertyMap,,,down
https://api.kiwiplans.com/update/propertyMap,200,42,up,{"data":{"success":"OperationSuccess"}}
http://localhost:8080/update/propertyMap,,,down
http://localhost:9090/update/propertyMap,,,down
https://api.kiwiplans.com/update/propertyMap,200,44,up,{"data":{"success":"OperationSuccess"}}
http://localhost:8080/update/propertyMap,,,down
http://localhost:9090/update/propertyMap,,,down
https://api.kiwiplans.com/update/propertyMap,200,64,up,{"data":{"success":"OperationSuccess"}}
http://localhost:8080/update/propertyMap,,,down
http://localhost:9090/update/propertyMap,,,down
https://api.kiwiplans.com/update/propertyMap,200,54,up,{"data":{"success":"OperationSuccess"}}
http://localhost:8080/update/propertyMap,,,down
http://localhost:9090/update/propertyMap,,,down
https://api.kiwiplans.com/update/propertyMap,200,45,up,{"data":{"success":"OperationSuccess"}}
http://localhost:8080/update/propertyMap,,,down
http://localhost:9090/update/propertyMap,,,down
https://api.kiwiplans.com/update/propertyMap,200,45,up,{"data":{"success":"OperationSuccess"}}
http://localhost:8080/update/propertyMap,,,down
http://localhost:9090/update/propertyMap,,,down
https://api.kiwiplans.com/update/propertyMap,200,39,up,{"data":{"success":"OperationSuccess"}}
http://localhost:8080/update/propertyMap,,,down
http://localhost:9090/update/propertyMap,,,down
https://api.kiwiplans.com/update/propertyMap,200,43,up,{"data":{"success":"OperationSuccess"}}
http://localhost:8080/update/propertyMap,,,down
http://localhost:9090/update/propertyMap,,,down
https://api.kiwiplans.com/update/propertyMap,200,44,up,{"data":{"success":"OperationSuccess"}}
http://localhost:8080/update/propertyMap,,,down
http://localhost:9090/update/propertyMap,,,down
https://api.kiwiplans.com/update/propertyMap,200,44,up,{"data":{"success":"OperationSuccess"}}
http://localhost:8080/update/propertyMap,,,down
http://localhost:9090/update/propertyMap,,,down
https://api.kiwiplans.com/update/propertyMap,200,43,up,{"data":{"success":"OperationSuccess"}}
http://localhost:8080/update/propertyMap,,,down
http://localhost:9090/update/propertyMap,,,down
https://api.kiwiplans.com/update/propertyMap,200,43,up,{"data":{"success":"OperationSuccess"}}
http://localhost:8080/update/propertyMap,,,down
http://localhost:9090/update/propertyMap,,,down
https://api.kiwiplans.com/update/propertyMap,200,43,up,{"data":{"success":"OperationSuccess"}}
http://localhost:8080/update/propertyMap,,,down
http://localhost:9090/update/propertyMap,,,down
https://api.kiwiplans.com/update/propertyMap,200,44,up,{"data":{"success":"OperationSuccess"}}
http://localhost:8080/update/propertyMap,,,down
http://localhost:9090/update/propertyMap,,,down
https://api.kiwiplans.com/update/propertyMap,200,55,up,{"data":{"success":"OperationSuccess"}}
http://localhost:8080/update/propertyMap,,,down
http://localhost:9090/update/propertyMap,,,down
https://api.kiwiplans.com/update/propertyMap,200,44,up,{"data":{"success":"OperationSuccess"}}
http://localhost:8080/update/propertyMap,,,down
http://localhost:9090/update/propertyMap,,,down
https://api.kiwiplans.com/update/propertyMap,200,69,up,{"data":{"success":"OperationSuccess"}}
http://localhost:8080/update/propertyMap,,,down
http://localhost:9090/update/propertyMap,,,down
https://api.kiwiplans.com/update/propertyMap,200,47,up,{"data":{"success":"OperationSuccess"}}
http://localhost:8080/update/propertyMap,,,down
http://localhost:9090/update/propertyMap,,,down
https://api.kiwiplans.com/update/propertyMap,200,44,up,{"data":{"success":"OperationSuccess"}}
http://localhost:8080/update/propertyMap,,,down
http://localhost:9090/update/propertyMap,,,down
https://api.kiwiplans.com/update/propertyMap,200,48,up,{"data":{"success":"OperationSuccess"}}
http://localhost:8080/update/propertyMap,,,down
http://localhost:9090/update/propertyMap,,,down
https://api.kiwiplans.com/update/propertyMap,200,41,up,{"data":{"success":"OperationSuccess"}}
http://localhost:8080/update/propertyMap,,,down
http://localhost:9090/update/propertyMap,,,down
https://api.kiwiplans.com/update/propertyMap,200,43,up,{"data":{"success":"OperationSuccess"}}
http://localhost:8080/update/propertyMap,,,down
http://localhost:9090/update/propertyMap,,,down
https://api.kiwiplans.com/update/propertyMap,200,43,up,{"data":{"success":"OperationSuccess"}}
http://localhost:8080/update/propertyMap,,,down
2022-06-20T07:42:13.482Z,https://api.kiwiplans.com/update/propertyMap,200,730,up,{"data":{"success":"OperationSuccess"}}
2022-06-20T07:42:13.512Z,http://localhost:8080/update/propertyMap,,,down
2022-06-20T07:42:16.650Z,http://localhost:9090/update/propertyMap,,,down
2022-06-20T07:42:19.330Z,https://api.kiwiplans.com/update/propertyMap,200,117,up,{"data":{"success":"OperationSuccess"}}
2022-06-20T07:42:19.340Z,http://localhost:8080/update/propertyMap,,,down
2022-06-20T07:42:21.667Z,http://localhost:9090/update/propertyMap,,,down
2022-06-20T07:42:24.110Z,https://api.kiwiplans.com/update/propertyMap,200,52,up,{"data":{"success":"OperationSuccess"}}
2022-06-20T07:42:24.120Z,http://localhost:8080/update/propertyMap,,,down
2022-06-20T07:42:24.128Z,http://localhost:9090/update/propertyMap,,,down
2022-06-20T07:42:24.184Z,https://api.kiwiplans.com/update/propertyMap,200,49,up,{"data":{"success":"OperationSuccess"}}
2022-06-20T07:42:24.188Z,http://localhost:8080/update/propertyMap,,,down
2022-06-20T07:42:24.191Z,http://localhost:9090/update/propertyMap,,,down
2022-06-20T07:42:24.240Z,https://api.kiwiplans.com/update/propertyMap,200,47,up,{"data":{"success":"OperationSuccess"}}
2022-06-20T07:42:24.243Z,http://localhost:8080/update/propertyMap,,,down
